# JRE version: OpenJDK Runtime Environment (8.0_131-b11) (build 1.8.0_131-8u131-b11-2ubuntu1.17.04.3-b11)
# Java VM: OpenJDK 64-Bit Server VM (25.131-b11 mixed mode linux-amd64 compressed oops)
Heap:
 PSYoungGen      total 136192K, used 10224K [0x00000000d7300000, 0x00000000e0200000, 0x0000000100000000)
  eden space 125952K, 0% used [0x00000000d7300000,0x00000000d7300000,0x00000000dee00000)
  from space 10240K, 99% used [0x00000000dee00000,0x00000000df7fc060,0x00000000df800000)
  to   space 9216K, 0% used [0x00000000df900000,0x00000000df900000,0x00000000e0200000)
 ParOldGen       total 48640K, used 14304K [0x0000000085800000, 0x0000000088780000, 0x00000000d7300000)
  object space 48640K, 29% used [0x0000000085800000,0x00000000865f80c0,0x0000000088780000)
 Metaspace       used 33720K, capacity 34298K, committed 34688K, reserved 1079296K
  class space    used 4490K, capacity 4682K, committed 4736K, reserved 1048576K
GC Heap History (10 events):
Event: 1.773 GC heap after
Heap after GC invocations=3 (full 0):
 PSYoungGen      total 36864K, used 5088K [0x00000000d7300000, 0x00000000dbb00000, 0x0000000100000000)
  eden space 31744K, 0% used [0x00000000d7300000,0x00000000d7300000,0x00000000d9200000)
  from space 5120K, 99% used [0x00000000d9200000,0x00000000d96f8040,0x00000000d9700000)
  to   space 5120K, 0% used [0x00000000db600000,0x00000000db600000,0x00000000dbb00000)
 ParOldGen       total 84992K, used 3198K [0x0000000085800000, 0x000000008ab00000, 0x00000000d7300000)
  object space 84992K, 3% used [0x0000000085800000,0x0000000085b1fa70,0x000000008ab00000)
 Metaspace       used 15577K, capacity 15832K, committed 16128K, reserved 1062912K
  class space    used 2075K, capacity 2184K, committed 2304K, reserved 1048576K
}
Event: 186.456 GC heap before
{Heap before GC invocations=4 (full 0):
 PSYoungGen      total 36864K, used 36832K [0x00000000d7300000, 0x00000000dbb00000, 0x0000000100000000)
  eden space 31744K, 100% used [0x00000000d7300000,0x00000000d9200000,0x00000000d9200000)
  from space 5120K, 99% used [0x00000000d9200000,0x00000000d96f8040,0x00000000d9700000)
  to   space 5120K, 0% used [0x00000000db600000,0x00000000db600000,0x00000000dbb00000)
 ParOldGen       total 84992K, used 3198K [0x0000000085800000, 0x000000008ab00000, 0x00000000d7300000)
  object space 84992K, 3% used [0x0000000085800000,0x0000000085b1fa70,0x000000008ab00000)
 Metaspace       used 18909K, capacity 19236K, committed 19584K, reserved 1067008K
  class space    used 2480K, capacity 2571K, committed 2688K, reserved 1048576K
Event: 186.770 GC heap after
Heap after GC invocations=4 (full 0):
 PSYoungGen      total 68608K, used 5104K [0x00000000d7300000, 0x00000000dbb00000, 0x0000000100000000)
  eden space 63488K, 0% used [0x00000000d7300000,0x00000000d7300000,0x00000000db100000)
  from space 5120K, 99% used [0x00000000db600000,0x00000000dbafc050,0x00000000dbb00000)
  to   space 5120K, 0% used [0x00000000db100000,0x00000000db100000,0x00000000db600000)
 ParOldGen       total 84992K, used 6722K [0x0000000085800000, 0x000000008ab00000, 0x00000000d7300000)
  object space 84992K, 7% used [0x0000000085800000,0x0000000085e909b0,0x000000008ab00000)
 Metaspace       used 18909K, capacity 19236K, committed 19584K, reserved 1067008K
  class space    used 2480K, capacity 2571K, committed 2688K, reserved 1048576K
}
Event: 187.236 GC heap before
{Heap before GC invocations=5 (full 0):
 PSYoungGen      total 68608K, used 30087K [0x00000000d7300000, 0x00000000dbb00000, 0x0000000100000000)
  eden space 63488K, 39% used [0x00000000d7300000,0x00000000d8b65ed0,0x00000000db100000)
  from space 5120K, 99% used [0x00000000db600000,0x00000000dbafc050,0x00000000dbb00000)
  to   space 5120K, 0% used [0x00000000db100000,0x00000000db100000,0x00000000db600000)
 ParOldGen       total 84992K, used 6722K [0x0000000085800000, 0x000000008ab00000, 0x00000000d7300000)
  object space 84992K, 7% used [0x0000000085800000,0x0000000085e909b0,0x000000008ab00000)
 Metaspace       used 20897K, capacity 21132K, committed 21296K, reserved 1067008K
  class space    used 2804K, capacity 2901K, committed 2944K, reserved 1048576K
Event: 187.246 GC heap after
Heap after GC invocations=5 (full 0):
 PSYoungGen      total 68608K, used 5108K [0x00000000d7300000, 0x00000000e0300000, 0x0000000100000000)
  eden space 63488K, 0% used [0x00000000d7300000,0x00000000d7300000,0x00000000db100000)
  from space 5120K, 99% used [0x00000000db100000,0x00000000db5fd040,0x00000000db600000)
  to   space 10240K, 0% used [0x00000000df900000,0x00000000df900000,0x00000000e0300000)
 ParOldGen       total 84992K, used 9351K [0x0000000085800000, 0x000000008ab00000, 0x00000000d7300000)
  object space 84992K, 11% used [0x0000000085800000,0x0000000086121ff8,0x000000008ab00000)
 Metaspace       used 20897K, capacity 21132K, committed 21296K, reserved 1067008K
  class space    used 2804K, capacity 2901K, committed 2944K, reserved 1048576K
}
Event: 187.246 GC heap before
{Heap before GC invocations=6 (full 1):
 PSYoungGen      total 68608K, used 5108K [0x00000000d7300000, 0x00000000e0300000, 0x0000000100000000)
  eden space 63488K, 0% used [0x00000000d7300000,0x00000000d7300000,0x00000000db100000)
  from space 5120K, 99% used [0x00000000db100000,0x00000000db5fd040,0x00000000db600000)
  to   space 10240K, 0% used [0x00000000df900000,0x00000000df900000,0x00000000e0300000)
 ParOldGen       total 84992K, used 9351K [0x0000000085800000, 0x000000008ab00000, 0x00000000d7300000)
  object space 84992K, 11% used [0x0000000085800000,0x0000000086121ff8,0x000000008ab00000)
 Metaspace       used 20897K, capacity 21132K, committed 21296K, reserved 1067008K
  class space    used 2804K, capacity 2901K, committed 2944K, reserved 1048576K
Event: 187.304 GC heap after
Heap after GC invocations=6 (full 1):
 PSYoungGen      total 68608K, used 0K [0x00000000d7300000, 0x00000000e0300000, 0x0000000100000000)
  eden space 63488K, 0% used [0x00000000d7300000,0x00000000d7300000,0x00000000db100000)
  from space 5120K, 0% used [0x00000000db100000,0x00000000db100000,0x00000000db600000)
  to   space 10240K, 0% used [0x00000000df900000,0x00000000df900000,0x00000000e0300000)
 ParOldGen       total 48640K, used 10991K [0x0000000085800000, 0x0000000088780000, 0x00000000d7300000)
  object space 48640K, 22% used [0x0000000085800000,0x00000000862bbd30,0x0000000088780000)
 Metaspace       used 20897K, capacity 21132K, committed 21296K, reserved 1067008K
  class space    used 2804K, capacity 2901K, committed 2944K, reserved 1048576K
}
Event: 188.151 GC heap before
{Heap before GC invocations=7 (full 1):
 PSYoungGen      total 68608K, used 63488K [0x00000000d7300000, 0x00000000e0300000, 0x0000000100000000)
  eden space 63488K, 100% used [0x00000000d7300000,0x00000000db100000,0x00000000db100000)
  from space 5120K, 0% used [0x00000000db100000,0x00000000db100000,0x00000000db600000)
  to   space 10240K, 0% used [0x00000000df900000,0x00000000df900000,0x00000000e0300000)
 ParOldGen       total 48640K, used 10991K [0x0000000085800000, 0x0000000088780000, 0x00000000d7300000)
  object space 48640K, 22% used [0x0000000085800000,0x00000000862bbd30,0x0000000088780000)
 Metaspace       used 26163K, capacity 26638K, committed 26880K, reserved 1073152K
  class space    used 3582K, capacity 3735K, committed 3840K, reserved 1048576K
Event: 188.158 GC heap after
Heap after GC invocations=7 (full 1):
 PSYoungGen      total 135168K, used 5763K [0x00000000d7300000, 0x00000000e0200000, 0x0000000100000000)
  eden space 125952K, 0% used [0x00000000d7300000,0x00000000d7300000,0x00000000dee00000)
  from space 9216K, 62% used [0x00000000df900000,0x00000000dfea0fd0,0x00000000e0200000)
  to   space 10240K, 0% used [0x00000000dee00000,0x00000000dee00000,0x00000000df800000)
 ParOldGen       total 48640K, used 10999K [0x0000000085800000, 0x0000000088780000, 0x00000000d7300000)
  object space 48640K, 22% used [0x0000000085800000,0x00000000862bdd30,0x0000000088780000)
 Metaspace       used 26163K, capacity 26638K, committed 26880K, reserved 1073152K
  class space    used 3582K, capacity 3735K, committed 3840K, reserved 1048576K
}
Event: 190.399 GC heap before
{Heap before GC invocations=8 (full 1):
 PSYoungGen      total 135168K, used 131715K [0x00000000d7300000, 0x00000000e0200000, 0x0000000100000000)
  eden space 125952K, 100% used [0x00000000d7300000,0x00000000dee00000,0x00000000dee00000)
  from space 9216K, 62% used [0x00000000df900000,0x00000000dfea0fd0,0x00000000e0200000)
  to   space 10240K, 0% used [0x00000000dee00000,0x00000000dee00000,0x00000000df800000)
 ParOldGen       total 48640K, used 10999K [0x0000000085800000, 0x0000000088780000, 0x00000000d7300000)
  object space 48640K, 22% used [0x0000000085800000,0x00000000862bdd30,0x0000000088780000)
 Metaspace       used 33720K, capacity 34298K, committed 34688K, reserved 1079296K
  class space    used 4490K, capacity 4682K, committed 4736K, reserved 1048576K

