# JRE version: OpenJDK Runtime Environment (8.0_131-b11) (build 1.8.0_131-8u131-b11-2ubuntu1.17.04.3-b11)
# Java VM: OpenJDK 64-Bit Server VM (25.131-b11 mixed mode linux-amd64 compressed oops)
Heap:
 PSYoungGen      total 132096K, used 5094K [0x00000000d7300000, 0x00000000df900000, 0x0000000100000000)
  eden space 126976K, 0% used [0x00000000d7300000,0x00000000d7300000,0x00000000def00000)
  from space 5120K, 99% used [0x00000000def00000,0x00000000df3f9b30,0x00000000df400000)
  to   space 5120K, 0% used [0x00000000df400000,0x00000000df400000,0x00000000df900000)
 ParOldGen       total 60416K, used 14923K [0x0000000085800000, 0x0000000089300000, 0x00000000d7300000)
  object space 60416K, 24% used [0x0000000085800000,0x0000000086692c90,0x0000000089300000)
 Metaspace       used 30161K, capacity 30674K, committed 30976K, reserved 1075200K
  class space    used 4055K, capacity 4228K, committed 4352K, reserved 1048576K
GC Heap History (10 events):
Event: 0.686 GC heap after
Heap after GC invocations=1 (full 0):
 PSYoungGen      total 36864K, used 4761K [0x00000000d7300000, 0x00000000dbb00000, 0x0000000100000000)
  eden space 31744K, 0% used [0x00000000d7300000,0x00000000d7300000,0x00000000d9200000)
  from space 5120K, 93% used [0x00000000d9200000,0x00000000d96a6728,0x00000000d9700000)
  to   space 5120K, 0% used [0x00000000db600000,0x00000000db600000,0x00000000dbb00000)
 ParOldGen       total 84992K, used 8K [0x0000000085800000, 0x000000008ab00000, 0x00000000d7300000)
  object space 84992K, 0% used [0x0000000085800000,0x0000000085802000,0x000000008ab00000)
 Metaspace       used 7959K, capacity 8124K, committed 8320K, reserved 1056768K
  class space    used 1025K, capacity 1088K, committed 1152K, reserved 1048576K
}
Event: 0.980 GC heap before
{Heap before GC invocations=2 (full 0):
 PSYoungGen      total 36864K, used 36505K [0x00000000d7300000, 0x00000000dbb00000, 0x0000000100000000)
  eden space 31744K, 100% used [0x00000000d7300000,0x00000000d9200000,0x00000000d9200000)
  from space 5120K, 93% used [0x00000000d9200000,0x00000000d96a6728,0x00000000d9700000)
  to   space 5120K, 0% used [0x00000000db600000,0x00000000db600000,0x00000000dbb00000)
 ParOldGen       total 84992K, used 8K [0x0000000085800000, 0x000000008ab00000, 0x00000000d7300000)
  object space 84992K, 0% used [0x0000000085800000,0x0000000085802000,0x000000008ab00000)
 Metaspace       used 10175K, capacity 10420K, committed 10752K, reserved 1058816K
  class space    used 1371K, capacity 1448K, committed 1536K, reserved 1048576K
Event: 0.986 GC heap after
Heap after GC invocations=2 (full 0):
 PSYoungGen      total 68608K, used 4526K [0x00000000d7300000, 0x00000000dbb00000, 0x0000000100000000)
  eden space 63488K, 0% used [0x00000000d7300000,0x00000000d7300000,0x00000000db100000)
  from space 5120K, 88% used [0x00000000db600000,0x00000000dba6baf0,0x00000000dbb00000)
  to   space 5120K, 0% used [0x00000000db100000,0x00000000db100000,0x00000000db600000)
 ParOldGen       total 84992K, used 16K [0x0000000085800000, 0x000000008ab00000, 0x00000000d7300000)
  object space 84992K, 0% used [0x0000000085800000,0x0000000085804000,0x000000008ab00000)
 Metaspace       used 10175K, capacity 10420K, committed 10752K, reserved 1058816K
  class space    used 1371K, capacity 1448K, committed 1536K, reserved 1048576K
}
Event: 4.606 GC heap before
{Heap before GC invocations=3 (full 0):
 PSYoungGen      total 68608K, used 68014K [0x00000000d7300000, 0x00000000dbb00000, 0x0000000100000000)
  eden space 63488K, 100% used [0x00000000d7300000,0x00000000db100000,0x00000000db100000)
  from space 5120K, 88% used [0x00000000db600000,0x00000000dba6baf0,0x00000000dbb00000)
  to   space 5120K, 0% used [0x00000000db100000,0x00000000db100000,0x00000000db600000)
 ParOldGen       total 84992K, used 16K [0x0000000085800000, 0x000000008ab00000, 0x00000000d7300000)
  object space 84992K, 0% used [0x0000000085800000,0x0000000085804000,0x000000008ab00000)
 Metaspace       used 18937K, capacity 19232K, committed 19584K, reserved 1067008K
  class space    used 2489K, capacity 2571K, committed 2688K, reserved 1048576K
Event: 4.643 GC heap after
Heap after GC invocations=3 (full 0):
 PSYoungGen      total 68608K, used 5104K [0x00000000d7300000, 0x00000000df900000, 0x0000000100000000)
  eden space 63488K, 0% used [0x00000000d7300000,0x00000000d7300000,0x00000000db100000)
  from space 5120K, 99% used [0x00000000db100000,0x00000000db5fc050,0x00000000db600000)
  to   space 5120K, 0% used [0x00000000df400000,0x00000000df400000,0x00000000df900000)
 ParOldGen       total 84992K, used 6691K [0x0000000085800000, 0x000000008ab00000, 0x00000000d7300000)
  object space 84992K, 7% used [0x0000000085800000,0x0000000085e88f78,0x000000008ab00000)
 Metaspace       used 18937K, capacity 19232K, committed 19584K, reserved 1067008K
  class space    used 2489K, capacity 2571K, committed 2688K, reserved 1048576K
}
Event: 5.846 GC heap before
{Heap before GC invocations=4 (full 0):
 PSYoungGen      total 68608K, used 31012K [0x00000000d7300000, 0x00000000df900000, 0x0000000100000000)
  eden space 63488K, 40% used [0x00000000d7300000,0x00000000d8c4d2c8,0x00000000db100000)
  from space 5120K, 99% used [0x00000000db100000,0x00000000db5fc050,0x00000000db600000)
  to   space 5120K, 0% used [0x00000000df400000,0x00000000df400000,0x00000000df900000)
 ParOldGen       total 84992K, used 6691K [0x0000000085800000, 0x000000008ab00000, 0x00000000d7300000)
  object space 84992K, 7% used [0x0000000085800000,0x0000000085e88f78,0x000000008ab00000)
 Metaspace       used 20899K, capacity 21128K, committed 21296K, reserved 1067008K
  class space    used 2809K, capacity 2901K, committed 2944K, reserved 1048576K
Event: 5.862 GC heap after
Heap after GC invocations=4 (full 0):
 PSYoungGen      total 132096K, used 5088K [0x00000000d7300000, 0x00000000df900000, 0x0000000100000000)
  eden space 126976K, 0% used [0x00000000d7300000,0x00000000d7300000,0x00000000def00000)
  from space 5120K, 99% used [0x00000000df400000,0x00000000df8f8050,0x00000000df900000)
  to   space 5120K, 0% used [0x00000000def00000,0x00000000def00000,0x00000000df400000)
 ParOldGen       total 84992K, used 9302K [0x0000000085800000, 0x000000008ab00000, 0x00000000d7300000)
  object space 84992K, 10% used [0x0000000085800000,0x0000000086115830,0x000000008ab00000)
 Metaspace       used 20899K, capacity 21128K, committed 21296K, reserved 1067008K
  class space    used 2809K, capacity 2901K, committed 2944K, reserved 1048576K
}
Event: 5.863 GC heap before
{Heap before GC invocations=5 (full 1):
 PSYoungGen      total 132096K, used 5088K [0x00000000d7300000, 0x00000000df900000, 0x0000000100000000)
  eden space 126976K, 0% used [0x00000000d7300000,0x00000000d7300000,0x00000000def00000)
  from space 5120K, 99% used [0x00000000df400000,0x00000000df8f8050,0x00000000df900000)
  to   space 5120K, 0% used [0x00000000def00000,0x00000000def00000,0x00000000df400000)
 ParOldGen       total 84992K, used 9302K [0x0000000085800000, 0x000000008ab00000, 0x00000000d7300000)
  object space 84992K, 10% used [0x0000000085800000,0x0000000086115830,0x000000008ab00000)
 Metaspace       used 20899K, capacity 21128K, committed 21296K, reserved 1067008K
  class space    used 2809K, capacity 2901K, committed 2944K, reserved 1048576K
Event: 5.927 GC heap after
Heap after GC invocations=5 (full 1):
 PSYoungGen      total 132096K, used 0K [0x00000000d7300000, 0x00000000df900000, 0x0000000100000000)
  eden space 126976K, 0% used [0x00000000d7300000,0x00000000d7300000,0x00000000def00000)
  from space 5120K, 0% used [0x00000000df400000,0x00000000df400000,0x00000000df900000)
  to   space 5120K, 0% used [0x00000000def00000,0x00000000def00000,0x00000000df400000)
 ParOldGen       total 60416K, used 8891K [0x0000000085800000, 0x0000000089300000, 0x00000000d7300000)
  object space 60416K, 14% used [0x0000000085800000,0x00000000860aedc0,0x0000000089300000)
 Metaspace       used 20899K, capacity 21128K, committed 21296K, reserved 1067008K
  class space    used 2809K, capacity 2901K, committed 2944K, reserved 1048576K
}
Event: 22.228 GC heap before
{Heap before GC invocations=6 (full 1):
 PSYoungGen      total 132096K, used 126976K [0x00000000d7300000, 0x00000000df900000, 0x0000000100000000)
  eden space 126976K, 100% used [0x00000000d7300000,0x00000000def00000,0x00000000def00000)
  from space 5120K, 0% used [0x00000000df400000,0x00000000df400000,0x00000000df900000)
  to   space 5120K, 0% used [0x00000000def00000,0x00000000def00000,0x00000000df400000)
 ParOldGen       total 60416K, used 8891K [0x0000000085800000, 0x0000000089300000, 0x00000000d7300000)
  object space 60416K, 14% used [0x0000000085800000,0x00000000860aedc0,0x0000000089300000)
 Metaspace       used 30161K, capacity 30674K, committed 30976K, reserved 1075200K
  class space    used 4055K, capacity 4228K, committed 4352K, reserved 1048576K

